[2025-05-03 08:32:36] Registration attempt started
Data: {"username":"is","email":"12333@gmail.com"}
------------------------------------
[2025-05-03 08:32:36] Profile image processing
Data: {"filename":"Screenshot 2025-04-25 104333.png","size":107539,"type":"image\/png","error_code":0}
------------------------------------
[2025-05-03 08:32:36] Registration successful
Data: {"success":true,"message":"User registered successfully"}
------------------------------------
[2025-05-05 02:12:50] Registration attempt started
Data: {"username":"art","email":"123@gmail.com"}
------------------------------------
[2025-05-05 02:12:50] Profile image processing
Data: {"filename":"Screenshot (100).png","size":3098084,"type":"image\/png","error_code":0}
------------------------------------
[2025-05-05 02:12:50] Registration successful
Data: {"success":true,"message":"User registered successfully"}
------------------------------------
[2025-05-05 02:13:11] Registration attempt started
Data: {"username":"test","email":"12333@gmail.com"}
------------------------------------
[2025-05-05 02:13:11] Profile image processing
Data: {"filename":"Screenshot 2025-02-26 185734.png","size":342810,"type":"image\/png","error_code":0}
------------------------------------
[2025-05-05 02:13:11] Registration failed
Data: {"success":false,"message":"Email address already exists"}
------------------------------------
[2025-05-05 02:13:36] Registration attempt started
Data: {"username":"test","email":"123311231@gmail.com"}
------------------------------------
[2025-05-05 02:13:36] Profile image processing
Data: {"filename":"Screenshot 2025-02-26 185734.png","size":342810,"type":"image\/png","error_code":0}
------------------------------------
[2025-05-05 02:13:36] Registration successful
Data: {"success":true,"message":"User registered successfully"}
------------------------------------
